<?xml version="1.0" encoding="UTF-8"?>
<testsuite name="JUnitAssertionTest" tests="4" skipped="0" failures="0" errors="0" timestamp="2023-03-16T09:01:18" hostname="DESKTOP-1OOISRL" time="0.049">
  <properties/>
  <testcase name="givenFirstName_WhenProper_ShouldReturnTrue()" classname="JUnitAssertionTest" time="0.035"/>
  <testcase name="givenEmailId_WhenProper_ShouldReturnTrue()" classname="JUnitAssertionTest" time="0.002"/>
  <testcase name="givenLastName_WhenProper_ShouldReturnTrue()" classname="JUnitAssertionTest" time="0.002"/>
  <testcase name="givenMobileNum_WhenProper_ShouldReturnTrue()" classname="JUnitAssertionTest" time="0.002"/>
  <system-out><![CDATA[]]></system-out>
  <system-err><![CDATA[]]></system-err>
</testsuite>
