<?xml version="1.0" encoding="UTF-8"?>
<testsuite name="JUnitAssertionTest" tests="8" skipped="0" failures="0" errors="0" timestamp="2023-03-16T13:08:15" hostname="DESKTOP-1OOISRL" time="0.048">
  <properties/>
  <testcase name="givenPassword_WhenExactOneCharacter_ShouldReturnTrue()" classname="JUnitAssertionTest" time="0.029"/>
  <testcase name="givenFirstName_WhenProper_ShouldReturnTrue()" classname="JUnitAssertionTest" time="0.002"/>
  <testcase name="givenPassword_WhenMinEightChar_ShouldReturnTrue()" classname="JUnitAssertionTest" time="0.001"/>
  <testcase name="givenEmailId_WhenProper_ShouldReturnTrue()" classname="JUnitAssertionTest" time="0.001"/>
  <testcase name="givenPassword_WhenMinOneUpperCaseAndNumeric_ShouldReturnTrue()" classname="JUnitAssertionTest" time="0.001"/>
  <testcase name="givenPassword_WhenMinOneUpperCase_ShouldReturnTrue()" classname="JUnitAssertionTest" time="0.001"/>
  <testcase name="givenLastName_WhenProper_ShouldReturnTrue()" classname="JUnitAssertionTest" time="0.001"/>
  <testcase name="givenMobileNum_WhenProper_ShouldReturnTrue()" classname="JUnitAssertionTest" time="0.001"/>
  <system-out><![CDATA[]]></system-out>
  <system-err><![CDATA[]]></system-err>
</testsuite>
