<?xml version="1.0" encoding="UTF-8"?>
<testsuite name="JUnitAssertionTest" tests="10" skipped="0" failures="0" errors="0" timestamp="2023-03-16T13:32:19" hostname="DESKTOP-1OOISRL" time="0.088">
  <properties/>
  <testcase name="givenPassword_WhenExactOneCharacter_ShouldReturnTrue()" classname="JUnitAssertionTest" time="0.036"/>
  <testcase name="givenFirstName_WhenProper_ShouldReturnTrue()" classname="JUnitAssertionTest" time="0.007"/>
  <testcase name="givenInvalidEmailSamples_WhenTested_ShouldReturnFalse()" classname="JUnitAssertionTest" time="0.004"/>
  <testcase name="givenPassword_WhenMinEightChar_ShouldReturnTrue()" classname="JUnitAssertionTest" time="0.002"/>
  <testcase name="givenEmailId_WhenProper_ShouldReturnTrue()" classname="JUnitAssertionTest" time="0.008"/>
  <testcase name="givenPassword_WhenMinOneUpperCaseAndNumeric_ShouldReturnTrue()" classname="JUnitAssertionTest" time="0.002"/>
  <testcase name="givenPassword_WhenMinOneUpperCase_ShouldReturnTrue()" classname="JUnitAssertionTest" time="0.003"/>
  <testcase name="givenLastName_WhenProper_ShouldReturnTrue()" classname="JUnitAssertionTest" time="0.002"/>
  <testcase name="givenMobileNum_WhenProper_ShouldReturnTrue()" classname="JUnitAssertionTest" time="0.002"/>
  <testcase name="givenValidEmailSamples_WhenTested_ShouldReturnTrue()" classname="JUnitAssertionTest" time="0.002"/>
  <system-out><![CDATA[]]></system-out>
  <system-err><![CDATA[]]></system-err>
</testsuite>
