<?xml version="1.0" encoding="UTF-8"?>
<testsuite name="JUnitAssertionTest" tests="7" skipped="0" failures="0" errors="0" timestamp="2023-03-16T09:24:54" hostname="DESKTOP-1OOISRL" time="0.057">
  <properties/>
  <testcase name="givenFirstName_WhenProper_ShouldReturnTrue()" classname="JUnitAssertionTest" time="0.034"/>
  <testcase name="givenPassword_WhenMinEightChar_ShouldReturnTrue()" classname="JUnitAssertionTest" time="0.003"/>
  <testcase name="givenEmailId_WhenProper_ShouldReturnTrue()" classname="JUnitAssertionTest" time="0.001"/>
  <testcase name="givenPassword_WhenMinOneUpperCaseAndNumeric_ShouldReturnTrue()" classname="JUnitAssertionTest" time="0.002"/>
  <testcase name="givenPassword_WhenMinOneUpperCase_ShouldReturnTrue()" classname="JUnitAssertionTest" time="0.002"/>
  <testcase name="givenLastName_WhenProper_ShouldReturnTrue()" classname="JUnitAssertionTest" time="0.001"/>
  <testcase name="givenMobileNum_WhenProper_ShouldReturnTrue()" classname="JUnitAssertionTest" time="0.002"/>
  <system-out><![CDATA[]]></system-out>
  <system-err><![CDATA[]]></system-err>
</testsuite>
